MDM_KTHD/app/build/outputs/logs/manifest-merger-debug-report.txt
-- Merging decision tree log ---
manifest
ADDED from src\main\AndroidManifest.xml:2:1-113:12
	package
		ADDED from src\main\AndroidManifest.xml:4:5-57
		INJECTED from src\main\AndroidManifest.xml
		INJECTED from src\main\AndroidManifest.xml
	android:versionName
		INJECTED from src\main\AndroidManifest.xml
		INJECTED from src\main\AndroidManifest.xml
	xmlns:tools
		ADDED from src\main\AndroidManifest.xml:3:5-51
	xmlns:android
		ADDED from src\main\AndroidManifest.xml:2:11-69
	android:versionCode
		INJECTED from src\main\AndroidManifest.xml
		INJECTED from src\main\AndroidManifest.xml
uses-permission#android.permission.ACCESS_WIFI_STATE
ADDED from src\main\AndroidManifest.xml:6:5-76
	android:name
		ADDED from src\main\AndroidManifest.xml:6:22-73
uses-permission#android.permission.ACCESS_NETWORK_STATE
ADDED from src\main\AndroidManifest.xml:7:5-79
MERGED from [MDM_KTHD:AgoraPusher:unspecified] AndroidManifest.xml:10:5-79
MERGED from [MDM_KTHD:AgoraPlayer:unspecified] AndroidManifest.xml:13:5-79
MERGED from [MDM_KTHD:qsvideoplayer:unspecified] AndroidManifest.xml:14:5-79
	android:name
		ADDED from src\main\AndroidManifest.xml:7:22-76
uses-permission#android.permission.CHANGE_WIFI_MULTICAST_STATE
ADDED from src\main\AndroidManifest.xml:8:5-86
	android:name
		ADDED from src\main\AndroidManifest.xml:8:22-83
uses-permission#android.permission.INTERNET
ADDED from src\main\AndroidManifest.xml:9:5-67
MERGED from [MDM_KTHD:AgoraPusher:unspecified] AndroidManifest.xml:9:5-67
MERGED from [MDM_KTHD:AgoraPlayer:unspecified] AndroidManifest.xml:9:5-67
MERGED from [MDM_KTHD:qsvideoplayer:unspecified] AndroidManifest.xml:13:5-67
	android:name
		ADDED from src\main\AndroidManifest.xml:9:22-64
uses-permission#android.permission.READ_EXTERNAL_STORAGE
ADDED from src\main\AndroidManifest.xml:10:5-80
MERGED from [MDM_KTHD:ImagePicker:unspecified] AndroidManifest.xml:14:5-80
	android:name
		ADDED from src\main\AndroidManifest.xml:10:22-77
uses-permission#android.permission.WRITE_EXTERNAL_STORAGE
ADDED from src\main\AndroidManifest.xml:11:5-81
MERGED from [MDM_KTHD:ImagePicker:unspecified] AndroidManifest.xml:12:5-81
MERGED from [MDM_KTHD:AgoraPlayer:unspecified] AndroidManifest.xml:14:5-81
	android:name
		ADDED from src\main\AndroidManifest.xml:11:22-78
uses-permission#android.permission.MOUNT_UNMOUNT_FILESYSTEMS
ADDED from src\main\AndroidManifest.xml:12:5-84
MERGED from [MDM_KTHD:ImagePicker:unspecified] AndroidManifest.xml:10:5-84
	android:name
		ADDED from src\main\AndroidManifest.xml:12:22-81
uses-permission#android.permission.READ_PHONE_STATE
ADDED from src\main\AndroidManifest.xml:13:5-75
	android:name
		ADDED from src\main\AndroidManifest.xml:13:22-72
uses-permission#android.permission.GET_TASKS
ADDED from src\main\AndroidManifest.xml:14:5-68
	android:name
		ADDED from src\main\AndroidManifest.xml:14:22-65
uses-permission#android.permission.RECORD_AUDIO
ADDED from src\main\AndroidManifest.xml:15:5-71
MERGED from [MDM_KTHD:AgoraPusher:unspecified] AndroidManifest.xml:11:5-71
MERGED from [MDM_KTHD:AgoraPlayer:unspecified] AndroidManifest.xml:10:5-71
	android:name
		ADDED from src\main\AndroidManifest.xml:15:22-68
uses-sdk
ADDED from src\main\AndroidManifest.xml:17:5-64
MERGED from [com.github.jetradarmobile:android-snowfall:1.1.6] AndroidManifest.xml:6:5-44
MERGED from [org.xutils:xutils:3.5.0] AndroidManifest.xml:8:5-10:41
MERGED from [MDM_KTHD:mdmaidl:unspecified] AndroidManifest.xml:7:5-9:41
MERGED from [com.android.support:multidex:1.0.0] AndroidManifest.xml:18:5-42
MERGED from [MDM_KTHD:ImagePicker:unspecified] AndroidManifest.xml:5:5-7:41
MERGED from [MDM_KTHD:photoview:unspecified] AndroidManifest.xml:7:5-9:41
MERGED from [MDM_KTHD:AgoraPusher:unspecified] AndroidManifest.xml:5:5-7:41
MERGED from [com.android.support.constraint:constraint-layout:1.0.2] AndroidManifest.xml:5:5-7:41
MERGED from [MDM_KTHD:AgoraPlayer:unspecified] AndroidManifest.xml:5:5-7:41
MERGED from [com.android.support:design:25.3.0] AndroidManifest.xml:21:5-23:62
MERGED from [com.android.support:recyclerview-v7:25.3.0] AndroidManifest.xml:20:5-43
MERGED from [com.android.support:transition:25.3.0] AndroidManifest.xml:20:5-44
MERGED from [MDM_KTHD:libvideoprp:unspecified] AndroidManifest.xml:7:5-9:41
MERGED from [MDM_KTHD:qsvideoplayer:unspecified] AndroidManifest.xml:8:5-11:139
MERGED from [tv.danmaku.ijk.media:ijkplayer-armv7a:0.7.7.1] AndroidManifest.xml:5:5-7:41
MERGED from [tv.danmaku.ijk.media:ijkplayer-exo:0.7.7.1] AndroidManifest.xml:5:5-7:41
MERGED from [com.google.android.exoplayer:exoplayer:r1.5.11] AndroidManifest.xml:24:5-26:41
MERGED from [tv.danmaku.ijk.media:ijkplayer-java:0.7.7.1] AndroidManifest.xml:5:5-7:41
MERGED from [com.github.open-android:PullToRefresh:v1.0] AndroidManifest.xml:7:5-9:41
MERGED from [com.android.support:appcompat-v7:25.3.0] AndroidManifest.xml:21:5-23:78
MERGED from [com.android.support:support-v4:25.3.0] AndroidManifest.xml:21:5-23:54
MERGED from [com.android.support:support-fragment:25.3.0] AndroidManifest.xml:21:5-23:60
MERGED from [com.android.support:support-media-compat:25.3.0] AndroidManifest.xml:21:5-23:63
MERGED from [com.android.support:support-core-ui:25.3.0] AndroidManifest.xml:21:5-23:58
MERGED from [com.android.support:support-core-utils:25.3.0] AndroidManifest.xml:21:5-23:61
MERGED from [com.android.support:animated-vector-drawable:25.3.0] AndroidManifest.xml:20:5-44
MERGED from [com.android.support:support-vector-drawable:25.3.0] AndroidManifest.xml:20:5-43
MERGED from [com.android.support:support-compat:25.3.0] AndroidManifest.xml:21:5-23:58
	tools:overrideLibrary
		ADDED from src\main\AndroidManifest.xml:17:15-61
	android:targetSdkVersion
		INJECTED from src\main\AndroidManifest.xml
		INJECTED from src\main\AndroidManifest.xml
	android:minSdkVersion
		INJECTED from src\main\AndroidManifest.xml
		INJECTED from src\main\AndroidManifest.xml
application
ADDED from src\main\AndroidManifest.xml:19:5-111:19
MERGED from [com.github.jetradarmobile:android-snowfall:1.1.6] AndroidManifest.xml:8:5-20
MERGED from [org.xutils:xutils:3.5.0] AndroidManifest.xml:12:5-20
MERGED from [MDM_KTHD:mdmaidl:unspecified] AndroidManifest.xml:11:5-15:19
MERGED from [MDM_KTHD:ImagePicker:unspecified] AndroidManifest.xml:16:5-27:19
MERGED from [MDM_KTHD:photoview:unspecified] AndroidManifest.xml:11:5-26:19
MERGED from [MDM_KTHD:AgoraPusher:unspecified] AndroidManifest.xml:15:5-32:19
MERGED from [com.android.support.constraint:constraint-layout:1.0.2] AndroidManifest.xml:9:5-20
MERGED from [MDM_KTHD:AgoraPlayer:unspecified] AndroidManifest.xml:17:5-31:19
MERGED from [com.android.support:design:25.3.0] AndroidManifest.xml:29:5-20
MERGED from [com.android.support:transition:25.3.0] AndroidManifest.xml:26:5-20
MERGED from [MDM_KTHD:libvideoprp:unspecified] AndroidManifest.xml:11:5-20
MERGED from [MDM_KTHD:qsvideoplayer:unspecified] AndroidManifest.xml:17:5-20:19
MERGED from [tv.danmaku.ijk.media:ijkplayer-exo:0.7.7.1] AndroidManifest.xml:9:5-13:19
MERGED from [com.github.open-android:PullToRefresh:v1.0] AndroidManifest.xml:11:5-15:19
MERGED from [com.android.support:appcompat-v7:25.3.0] AndroidManifest.xml:29:5-20
MERGED from [com.android.support:support-v4:25.3.0] AndroidManifest.xml:29:5-20
MERGED from [com.android.support:support-fragment:25.3.0] AndroidManifest.xml:29:5-20
MERGED from [com.android.support:support-media-compat:25.3.0] AndroidManifest.xml:29:5-20
MERGED from [com.android.support:support-core-ui:25.3.0] AndroidManifest.xml:29:5-20
MERGED from [com.android.support:support-core-utils:25.3.0] AndroidManifest.xml:29:5-20
MERGED from [com.android.support:animated-vector-drawable:25.3.0] AndroidManifest.xml:26:5-20
MERGED from [com.android.support:support-vector-drawable:25.3.0] AndroidManifest.xml:26:5-20
MERGED from [com.android.support:support-compat:25.3.0] AndroidManifest.xml:29:5-20
	android:label
		ADDED from src\main\AndroidManifest.xml:23:9-41
	android:supportsRtl
		ADDED from src\main\AndroidManifest.xml:25:9-35
	android:hardwareAccelerated
		ADDED from [MDM_KTHD:photoview:unspecified] AndroidManifest.xml:13:9-43
	android:roundIcon
		ADDED from src\main\AndroidManifest.xml:24:9-54
	android:allowBackup
		ADDED from src\main\AndroidManifest.xml:21:9-35
	android:icon
		ADDED from src\main\AndroidManifest.xml:22:9-43
	android:theme
		ADDED from src\main\AndroidManifest.xml:27:9-62
	android:name
		ADDED from src\main\AndroidManifest.xml:20:9-40
activity#cn.kiway.mdm.activity.LoginActivity
ADDED from src\main\AndroidManifest.xml:28:9-31:76
	android:screenOrientation
		ADDED from src\main\AndroidManifest.xml:30:13-50
	android:windowSoftInputMode
		ADDED from src\main\AndroidManifest.xml:31:13-64
	android:name
		ADDED from src\main\AndroidManifest.xml:29:13-63
activity#cn.kiway.mdm.activity.MainActivity
ADDED from src\main\AndroidManifest.xml:33:9-44:20
	android:screenOrientation
		ADDED from src\main\AndroidManifest.xml:37:13-50
	android:launchMode
		ADDED from src\main\AndroidManifest.xml:36:13-44
	android:windowSoftInputMode
		ADDED from src\main\AndroidManifest.xml:38:13-64
	android:configChanges
		ADDED from src\main\AndroidManifest.xml:35:13-74
	android:name
		ADDED from src\main\AndroidManifest.xml:34:13-62
intent-filter#android.intent.action.MAIN+android.intent.category.LAUNCHER
ADDED from src\main\AndroidManifest.xml:39:13-43:29
action#android.intent.action.MAIN
ADDED from src\main\AndroidManifest.xml:40:17-69
	android:name
		ADDED from src\main\AndroidManifest.xml:40:25-66
category#android.intent.category.LAUNCHER
ADDED from src\main\AndroidManifest.xml:42:17-77
	android:name
		ADDED from src\main\AndroidManifest.xml:42:27-74
activity#cn.kiway.mdm.activity.ScreenActivity
ADDED from src\main\AndroidManifest.xml:46:9-48:52
	android:screenOrientation
		ADDED from src\main\AndroidManifest.xml:48:13-49
	android:name
		ADDED from src\main\AndroidManifest.xml:47:13-64
activity#cn.kiway.mdm.activity.QuestionActivity
ADDED from src\main\AndroidManifest.xml:51:9-55:76
	android:screenOrientation
		ADDED from src\main\AndroidManifest.xml:54:13-50
	android:windowSoftInputMode
		ADDED from src\main\AndroidManifest.xml:55:13-64
	android:configChanges
		ADDED from src\main\AndroidManifest.xml:53:13-74
	android:name
		ADDED from src\main\AndroidManifest.xml:52:13-66
activity#cn.kiway.mdm.activity.FileListActivity
ADDED from src\main\AndroidManifest.xml:56:9-61:76
	android:screenOrientation
		ADDED from src\main\AndroidManifest.xml:60:13-47
	android:launchMode
		ADDED from src\main\AndroidManifest.xml:59:13-44
	android:windowSoftInputMode
		ADDED from src\main\AndroidManifest.xml:61:13-64
	android:configChanges
		ADDED from src\main\AndroidManifest.xml:58:13-74
	android:name
		ADDED from src\main\AndroidManifest.xml:57:13-66
activity#cn.kiway.mdm.activity.YiShangKeActivity
ADDED from src\main\AndroidManifest.xml:62:9-67:76
	android:screenOrientation
		ADDED from src\main\AndroidManifest.xml:66:13-47
	android:launchMode
		ADDED from src\main\AndroidManifest.xml:65:13-44
	android:windowSoftInputMode
		ADDED from src\main\AndroidManifest.xml:67:13-64
	android:configChanges
		ADDED from src\main\AndroidManifest.xml:64:13-74
	android:name
		ADDED from src\main\AndroidManifest.xml:63:13-67
activity#cn.kiway.mdm.activity.NotifyMsgActivity
ADDED from src\main\AndroidManifest.xml:68:9-73:76
	android:screenOrientation
		ADDED from src\main\AndroidManifest.xml:72:13-47
	android:launchMode
		ADDED from src\main\AndroidManifest.xml:71:13-44
	android:windowSoftInputMode
		ADDED from src\main\AndroidManifest.xml:73:13-64
	android:configChanges
		ADDED from src\main\AndroidManifest.xml:70:13-74
	android:name
		ADDED from src\main\AndroidManifest.xml:69:13-67
activity#cn.kiway.mdm.activity.Course1Activity
ADDED from src\main\AndroidManifest.xml:75:9-80:76
	android:screenOrientation
		ADDED from src\main\AndroidManifest.xml:79:13-47
	android:launchMode
		ADDED from src\main\AndroidManifest.xml:78:13-44
	android:windowSoftInputMode
		ADDED from src\main\AndroidManifest.xml:80:13-64
	android:configChanges
		ADDED from src\main\AndroidManifest.xml:77:13-74
	android:name
		ADDED from src\main\AndroidManifest.xml:76:13-65
activity#cn.kiway.mdm.activity.TongjiActivity
ADDED from src\main\AndroidManifest.xml:81:9-86:76
	android:screenOrientation
		ADDED from src\main\AndroidManifest.xml:85:13-50
	android:launchMode
		ADDED from src\main\AndroidManifest.xml:84:13-44
	android:windowSoftInputMode
		ADDED from src\main\AndroidManifest.xml:86:13-64
	android:configChanges
		ADDED from src\main\AndroidManifest.xml:83:13-74
	android:name
		ADDED from src\main\AndroidManifest.xml:82:13-64
activity#cn.kiway.mdm.activity.VideoActivity
ADDED from src\main\AndroidManifest.xml:87:9-92:76
	android:screenOrientation
		ADDED from src\main\AndroidManifest.xml:91:13-50
	android:launchMode
		ADDED from src\main\AndroidManifest.xml:90:13-44
	android:windowSoftInputMode
		ADDED from src\main\AndroidManifest.xml:92:13-64
	android:configChanges
		ADDED from src\main\AndroidManifest.xml:89:13-74
	android:name
		ADDED from src\main\AndroidManifest.xml:88:13-63
activity#cn.kiway.mdm.activity.UserInfoActivity
ADDED from src\main\AndroidManifest.xml:93:9-98:76
	android:screenOrientation
		ADDED from src\main\AndroidManifest.xml:97:13-47
	android:launchMode
		ADDED from src\main\AndroidManifest.xml:96:13-44
	android:windowSoftInputMode
		ADDED from src\main\AndroidManifest.xml:98:13-64
	android:configChanges
		ADDED from src\main\AndroidManifest.xml:95:13-74
	android:name
		ADDED from src\main\AndroidManifest.xml:94:13-66
activity#cn.kiway.mdm.activity.FenxiActivity
ADDED from src\main\AndroidManifest.xml:99:9-104:76
	android:screenOrientation
		ADDED from src\main\AndroidManifest.xml:103:13-47
	android:launchMode
		ADDED from src\main\AndroidManifest.xml:102:13-44
	android:windowSoftInputMode
		ADDED from src\main\AndroidManifest.xml:104:13-64
	android:configChanges
		ADDED from src\main\AndroidManifest.xml:101:13-74
	android:name
		ADDED from src\main\AndroidManifest.xml:100:13-63
activity#cn.kiway.mdm.activity.FenxiDetailActivity
ADDED from src\main\AndroidManifest.xml:105:9-110:76
	android:screenOrientation
		ADDED from src\main\AndroidManifest.xml:109:13-47
	android:launchMode
		ADDED from src\main\AndroidManifest.xml:108:13-44
	android:windowSoftInputMode
		ADDED from src\main\AndroidManifest.xml:110:13-64
	android:configChanges
		ADDED from src\main\AndroidManifest.xml:107:13-74
	android:name
		ADDED from src\main\AndroidManifest.xml:106:13-69
activity#com.lzy.imagepicker.ui.ImageBaseActivity
ADDED from [MDM_KTHD:ImagePicker:unspecified] AndroidManifest.xml:17:9-77
	android:name
		ADDED from [MDM_KTHD:ImagePicker:unspecified] AndroidManifest.xml:17:19-74
activity#com.lzy.imagepicker.ui.ImageGridActivity
ADDED from [MDM_KTHD:ImagePicker:unspecified] AndroidManifest.xml:18:9-20:55
	android:theme
		ADDED from [MDM_KTHD:ImagePicker:unspecified] AndroidManifest.xml:20:13-52
	android:name
		ADDED from [MDM_KTHD:ImagePicker:unspecified] AndroidManifest.xml:19:13-68
activity#com.lzy.imagepicker.ui.ImageCropActivity
ADDED from [MDM_KTHD:ImagePicker:unspecified] AndroidManifest.xml:21:9-23:55
	android:theme
		ADDED from [MDM_KTHD:ImagePicker:unspecified] AndroidManifest.xml:23:13-52
	android:name
		ADDED from [MDM_KTHD:ImagePicker:unspecified] AndroidManifest.xml:22:13-68
activity#com.lzy.imagepicker.ui.ImagePreviewActivity
ADDED from [MDM_KTHD:ImagePicker:unspecified] AndroidManifest.xml:24:9-26:65
	android:theme
		ADDED from [MDM_KTHD:ImagePicker:unspecified] AndroidManifest.xml:26:13-62
	android:name
		ADDED from [MDM_KTHD:ImagePicker:unspecified] AndroidManifest.xml:25:13-71
activity#uk.co.senab.photoview.sample.LauncherActivity
ADDED from [MDM_KTHD:photoview:unspecified] AndroidManifest.xml:14:9-23:20
	android:name
		ADDED from [MDM_KTHD:photoview:unspecified] AndroidManifest.xml:14:19-79
activity#uk.co.senab.photoview.sample.SimpleSampleActivity
ADDED from [MDM_KTHD:photoview:unspecified] AndroidManifest.xml:24:9-86
	android:name
		ADDED from [MDM_KTHD:photoview:unspecified] AndroidManifest.xml:24:19-83
activity#uk.co.senab.photoview.sample.ViewPagerActivity
ADDED from [MDM_KTHD:photoview:unspecified] AndroidManifest.xml:25:9-83
	android:name
		ADDED from [MDM_KTHD:photoview:unspecified] AndroidManifest.xml:25:19-80
uses-permission#android.permission.MODIFY_AUDIO_SETTINGS
ADDED from [MDM_KTHD:AgoraPusher:unspecified] AndroidManifest.xml:12:5-80
MERGED from [MDM_KTHD:AgoraPlayer:unspecified] AndroidManifest.xml:12:5-80
	android:name
		ADDED from [MDM_KTHD:AgoraPusher:unspecified] AndroidManifest.xml:12:22-77
uses-permission#android.permission.BLUETOOTH
ADDED from [MDM_KTHD:AgoraPusher:unspecified] AndroidManifest.xml:13:5-68
MERGED from [MDM_KTHD:AgoraPlayer:unspecified] AndroidManifest.xml:15:5-68
	android:name
		ADDED from [MDM_KTHD:AgoraPusher:unspecified] AndroidManifest.xml:13:22-65
activity#io.agora.rtc.ss.app.HelloAgoraScreenSharingActivity
ADDED from [MDM_KTHD:AgoraPusher:unspecified] AndroidManifest.xml:16:9-19:53
	android:screenOrientation
		ADDED from [MDM_KTHD:AgoraPusher:unspecified] AndroidManifest.xml:19:13-50
	android:launchMode
		ADDED from [MDM_KTHD:AgoraPusher:unspecified] AndroidManifest.xml:18:13-44
	android:name
		ADDED from [MDM_KTHD:AgoraPusher:unspecified] AndroidManifest.xml:17:13-79
activity#io.agora.rtc.ss.capture.ScreenCapture$ScreenCaptureAssistantActivity
ADDED from [MDM_KTHD:AgoraPusher:unspecified] AndroidManifest.xml:20:9-22:64
	android:theme
		ADDED from [MDM_KTHD:AgoraPusher:unspecified] AndroidManifest.xml:22:13-61
	android:name
		ADDED from [MDM_KTHD:AgoraPusher:unspecified] AndroidManifest.xml:21:13-96
activity#io.agora.rtc.ss.app.WhiteboardActivity1
ADDED from [MDM_KTHD:AgoraPusher:unspecified] AndroidManifest.xml:23:9-26:53
	android:screenOrientation
		ADDED from [MDM_KTHD:AgoraPusher:unspecified] AndroidManifest.xml:26:13-50
	android:launchMode
		ADDED from [MDM_KTHD:AgoraPusher:unspecified] AndroidManifest.xml:25:13-44
	android:name
		ADDED from [MDM_KTHD:AgoraPusher:unspecified] AndroidManifest.xml:24:13-67
activity#io.agora.rtc.ss.app.WhiteboardActivity2
ADDED from [MDM_KTHD:AgoraPusher:unspecified] AndroidManifest.xml:27:9-31:66
	android:screenOrientation
		ADDED from [MDM_KTHD:AgoraPusher:unspecified] AndroidManifest.xml:30:13-50
	android:launchMode
		ADDED from [MDM_KTHD:AgoraPusher:unspecified] AndroidManifest.xml:29:13-44
	android:theme
		ADDED from [MDM_KTHD:AgoraPusher:unspecified] AndroidManifest.xml:31:13-63
	android:name
		ADDED from [MDM_KTHD:AgoraPusher:unspecified] AndroidManifest.xml:28:13-67
uses-permission#android.permission.CAMERA
ADDED from [MDM_KTHD:AgoraPlayer:unspecified] AndroidManifest.xml:11:5-65
	android:name
		ADDED from [MDM_KTHD:AgoraPlayer:unspecified] AndroidManifest.xml:11:22-62
activity#io.agora.openlive.ui.MainActivity
ADDED from [MDM_KTHD:AgoraPlayer:unspecified] AndroidManifest.xml:18:9-20:53
	android:screenOrientation
		ADDED from [MDM_KTHD:AgoraPlayer:unspecified] AndroidManifest.xml:20:13-50
	android:name
		ADDED from [MDM_KTHD:AgoraPlayer:unspecified] AndroidManifest.xml:19:13-61
activity#io.agora.openlive.ui.LiveRoomActivity
ADDED from [MDM_KTHD:AgoraPlayer:unspecified] AndroidManifest.xml:21:9-24:80
	android:screenOrientation
		ADDED from [MDM_KTHD:AgoraPlayer:unspecified] AndroidManifest.xml:23:13-50
	android:theme
		ADDED from [MDM_KTHD:AgoraPlayer:unspecified] AndroidManifest.xml:24:13-77
	android:name
		ADDED from [MDM_KTHD:AgoraPlayer:unspecified] AndroidManifest.xml:22:13-65
activity#io.agora.openlive.ui.SettingsActivity
ADDED from [MDM_KTHD:AgoraPlayer:unspecified] AndroidManifest.xml:25:9-27:53
	android:screenOrientation
		ADDED from [MDM_KTHD:AgoraPlayer:unspecified] AndroidManifest.xml:27:13-50
	android:name
		ADDED from [MDM_KTHD:AgoraPlayer:unspecified] AndroidManifest.xml:26:13-65
activity#io.agora.openlive.ui.WhiteboardActivity
ADDED from [MDM_KTHD:AgoraPlayer:unspecified] AndroidManifest.xml:28:9-30:53
	android:screenOrientation
		ADDED from [MDM_KTHD:AgoraPlayer:unspecified] AndroidManifest.xml:30:13-50
	android:name
		ADDED from [MDM_KTHD:AgoraPlayer:unspecified] AndroidManifest.xml:29:13-67
meta-data#android.support.VERSION
ADDED from [com.android.support:design:25.3.0] AndroidManifest.xml:25:5-27:34
MERGED from [com.android.support:recyclerview-v7:25.3.0] AndroidManifest.xml:22:5-24:34
MERGED from [com.android.support:transition:25.3.0] AndroidManifest.xml:22:5-24:34
MERGED from [com.android.support:appcompat-v7:25.3.0] AndroidManifest.xml:25:5-27:34
MERGED from [com.android.support:support-v4:25.3.0] AndroidManifest.xml:25:5-27:34
MERGED from [com.android.support:support-fragment:25.3.0] AndroidManifest.xml:25:5-27:34
MERGED from [com.android.support:support-media-compat:25.3.0] AndroidManifest.xml:25:5-27:34
MERGED from [com.android.support:support-core-ui:25.3.0] AndroidManifest.xml:25:5-27:34
MERGED from [com.android.support:support-core-utils:25.3.0] AndroidManifest.xml:25:5-27:34
MERGED from [com.android.support:animated-vector-drawable:25.3.0] AndroidManifest.xml:22:5-24:34
MERGED from [com.android.support:support-vector-drawable:25.3.0] AndroidManifest.xml:22:5-24:34
MERGED from [com.android.support:support-compat:25.3.0] AndroidManifest.xml:25:5-27:34
	android:value
		ADDED from [com.android.support:design:25.3.0] AndroidManifest.xml:27:9-31
	android:name
		ADDED from [com.android.support:design:25.3.0] AndroidManifest.xml:26:9-47
uses-permission#android.permission.SYSTEM_ALERT_WINDOW
ADDED from [MDM_KTHD:qsvideoplayer:unspecified] AndroidManifest.xml:15:5-78
	android:name
		ADDED from [MDM_KTHD:qsvideoplayer:unspecified] AndroidManifest.xml:15:22-75